2026-06-15 20:11:02,345 INFO [app] Application starting
2026-06-15 20:11:02,361 INFO [app] Application starting
2026-06-15 20:11:02,369 INFO [app] Application starting
2026-06-15 20:11:02,371 INFO [app] Application starting
2026-06-15 20:11:02,723 INFO [app] Application starting
2026-06-15 20:11:02,776 INFO [app] Application starting
2026-06-15 20:11:02,928 INFO [app] Application starting
2026-06-15 20:11:02,980 INFO [app] Application starting
2026-06-15 20:11:02,981 INFO [app] Application starting
2026-06-15 20:11:03,153 INFO [app] Application starting
2026-06-15 20:11:03,154 INFO [app] Application starting
2026-06-15 20:11:03,158 INFO [app] Application starting
2026-06-15 20:11:08,700 INFO [app] Application starting
2026-06-15 20:11:08,715 INFO [app] Application starting
2026-06-15 20:11:08,932 INFO [app] Application starting
2026-06-15 20:11:09,016 INFO [app] Application starting
2026-06-15 20:11:09,023 INFO [app] Application starting
2026-06-15 20:11:09,183 INFO [app] Application starting
2026-06-15 20:11:09,183 INFO [app] Application starting
2026-06-15 20:11:09,208 INFO [app] Application starting
2026-06-15 20:11:09,405 INFO [app] Application starting
2026-06-15 20:11:09,425 INFO [app] Application starting
2026-06-15 20:11:09,431 INFO [app] Application starting
2026-06-15 20:11:09,439 INFO [app] Application starting
2026-06-15 20:11:13,132 INFO [app] Application starting
2026-06-15 20:11:13,156 INFO [app] Application starting
2026-06-15 20:11:13,176 INFO [app] Application starting
2026-06-15 20:11:13,252 INFO [app] Application starting
2026-06-15 20:11:13,296 INFO [app] Application starting
2026-06-15 20:11:13,297 INFO [app] Application starting
2026-06-15 20:11:13,520 INFO [app] Application starting
2026-06-15 20:11:13,520 INFO [app] Application starting
2026-06-15 20:11:13,542 INFO [app] Application starting
2026-06-15 20:11:13,543 INFO [app] Application starting
2026-06-15 20:11:13,756 INFO [app] Application starting
2026-06-15 20:11:13,782 INFO [app] Application starting
2026-06-15 20:11:16,525 INFO [app] Application starting
2026-06-15 20:11:16,549 INFO [app] Application starting
2026-06-15 20:11:17,204 INFO [app] Application starting
2026-06-15 20:11:17,208 INFO [app] Application starting
2026-06-15 20:11:17,215 INFO [app] Application starting
2026-06-15 20:11:17,307 INFO [app] Application starting
2026-06-15 20:11:17,351 INFO [app] Application starting
2026-06-15 20:11:17,383 INFO [app] Application starting
2026-06-15 20:11:17,508 INFO [app] Application starting
2026-06-15 20:11:17,511 INFO [app] Application starting
2026-06-15 20:11:17,541 INFO [app] Application starting
2026-06-15 20:11:17,542 INFO [app] Application starting
2026-06-15 20:11:21,468 INFO [app] Application starting
2026-06-15 20:11:21,488 INFO [app] Application starting
2026-06-15 20:11:21,511 INFO [app] Application starting
2026-06-15 20:11:21,512 INFO [app] Application starting
2026-06-15 20:11:21,606 INFO [app] Application starting
2026-06-15 20:11:21,616 INFO [app] Application starting
2026-06-15 20:11:22,240 INFO [app] Application starting
2026-06-15 20:11:22,251 INFO [app] Application starting
2026-06-15 20:11:22,253 INFO [app] Application starting
2026-06-15 20:11:22,331 INFO [app] Application starting
2026-06-15 20:11:22,347 INFO [app] Application starting
2026-06-15 20:11:22,359 INFO [app] Application starting
2026-06-15 20:11:26,374 INFO [app] Application starting
2026-06-15 20:11:26,388 INFO [app] Application starting
2026-06-15 20:11:26,395 INFO [app] Application starting
2026-06-15 20:11:26,396 INFO [app] Application starting
2026-06-15 20:11:26,436 INFO [app] Application starting
2026-06-15 20:11:26,516 INFO [app] Application starting
2026-06-15 20:11:26,685 INFO [app] Application starting
2026-06-15 20:11:26,712 INFO [app] Application starting
2026-06-15 20:11:26,725 INFO [app] Application starting
2026-06-15 20:11:26,746 INFO [app] Application starting
2026-06-15 20:11:26,754 INFO [app] Application starting
2026-06-15 20:11:26,804 INFO [app] Application starting
2026-06-15 20:11:30,550 INFO [app] Application starting
2026-06-15 20:11:30,553 INFO [app] Application starting
2026-06-15 20:11:30,574 INFO [app] Application starting
2026-06-15 20:11:30,597 INFO [app] Application starting
2026-06-15 20:11:30,668 INFO [app] Application starting
2026-06-15 20:11:30,712 INFO [app] Application starting
2026-06-15 20:11:30,876 INFO [app] Application starting
2026-06-15 20:11:30,879 INFO [app] Application starting
2026-06-15 20:11:30,900 INFO [app] Application starting
2026-06-15 20:11:30,908 INFO [app] Application starting
2026-06-15 20:11:30,935 INFO [app] Application starting
2026-06-15 20:11:30,992 INFO [app] Application starting
2026-06-15 20:12:10,976 INFO [app] Application starting
2026-06-15 20:12:11,024 INFO [app] Application starting
2026-06-15 20:12:11,028 INFO [app] Application starting
2026-06-15 20:12:11,036 INFO [app] Application starting
2026-06-15 20:12:11,053 INFO [app] Application starting
2026-06-15 20:12:11,107 INFO [app] Application starting
2026-06-15 20:12:11,329 INFO [app] Application starting
2026-06-15 20:12:11,351 INFO [app] Application starting
2026-06-15 20:12:11,351 INFO [app] Application starting
2026-06-15 20:12:11,362 INFO [app] Application starting
2026-06-15 20:12:11,364 INFO [app] Application starting
2026-06-15 20:12:11,371 INFO [app] Application starting
2026-06-15 20:12:51,378 INFO [app] Application starting
2026-06-15 20:12:51,381 INFO [app] Application starting
2026-06-15 20:12:51,391 INFO [app] Application starting
2026-06-15 20:12:51,445 INFO [app] Application starting
2026-06-15 20:12:51,452 INFO [app] Application starting
2026-06-15 20:12:51,509 INFO [app] Application starting
2026-06-15 20:12:51,797 INFO [app] Application starting
2026-06-15 20:12:51,800 INFO [app] Application starting
2026-06-15 20:12:51,832 INFO [app] Application starting
2026-06-15 20:12:51,840 INFO [app] Application starting
2026-06-15 20:12:51,860 INFO [app] Application starting
2026-06-15 20:12:51,906 INFO [app] Application starting
2026-06-15 20:13:04,742 INFO [app] Application starting
2026-06-15 20:13:04,835 INFO [app] Application starting
2026-06-15 20:13:04,889 INFO [app] Application starting
2026-06-15 20:13:04,972 INFO [app] Application starting
2026-06-15 20:13:05,012 INFO [app] Application starting
2026-06-15 20:13:05,157 INFO [app] Application starting
2026-06-15 20:13:05,715 INFO [app] Application starting
2026-06-15 20:13:05,726 INFO [app] Application starting
2026-06-15 20:13:05,769 INFO [app] Application starting
2026-06-15 20:13:05,802 INFO [app] Application starting
2026-06-15 20:13:05,815 INFO [app] Application starting
2026-06-15 20:13:05,923 INFO [app] Application starting
2026-06-15 20:13:11,734 INFO [app] Application starting
2026-06-15 20:13:11,749 INFO [app] Application starting
2026-06-15 20:13:11,778 INFO [app] Application starting
2026-06-15 20:13:11,847 INFO [app] Application starting
2026-06-15 20:13:12,099 INFO [app] Application starting
2026-06-15 20:13:12,109 INFO [app] Application starting
2026-06-15 20:13:12,182 INFO [app] Application starting
2026-06-15 20:13:12,244 INFO [app] Application starting
2026-06-15 20:13:12,369 INFO [app] Application starting
2026-06-15 20:13:12,371 INFO [app] Application starting
2026-06-15 20:13:12,493 INFO [app] Application starting
2026-06-15 20:13:54,181 INFO [app] Application starting
2026-06-15 20:13:54,188 INFO [app] Application starting
2026-06-15 20:13:54,198 INFO [app] Application starting
2026-06-15 20:13:54,378 INFO [app] Application starting
2026-06-15 20:13:54,573 INFO [app] Application starting
2026-06-15 20:13:54,664 INFO [app] Application starting
2026-06-15 20:13:54,775 INFO [app] Application starting
2026-06-15 20:13:55,151 INFO [app] Application starting
2026-06-15 20:13:55,156 INFO [app] Application starting
2026-06-15 20:13:55,158 INFO [app] Application starting
2026-06-15 20:13:55,158 INFO [app] Application starting
2026-06-15 20:13:55,232 INFO [app] Application starting
2026-06-15 20:14:01,023 INFO [app] Application starting
2026-06-15 20:14:01,341 INFO [app] Application starting
2026-06-15 20:14:01,457 INFO [app] Application starting
2026-06-15 20:14:02,155 INFO [app] Application starting
2026-06-15 20:14:02,180 INFO [app] Application starting
2026-06-15 20:14:02,212 INFO [app] Application starting
2026-06-15 20:14:02,289 INFO [app] Application starting
2026-06-15 20:14:02,322 INFO [app] Application starting
2026-06-15 20:14:02,350 INFO [app] Application starting
2026-06-15 20:14:02,367 INFO [app] Application starting
2026-06-15 20:14:02,387 INFO [app] Application starting
2026-06-15 20:14:02,528 INFO [app] Application starting
2026-06-15 20:14:08,246 INFO [app] Application starting
2026-06-15 20:14:08,427 INFO [app] Application starting
2026-06-15 20:14:08,486 INFO [app] Application starting
2026-06-15 20:14:08,528 INFO [app] Application starting
2026-06-15 20:14:08,591 INFO [app] Application starting
2026-06-15 20:14:08,696 INFO [app] Application starting
2026-06-15 20:14:08,722 INFO [app] Application starting
2026-06-15 20:14:08,774 INFO [app] Application starting
2026-06-15 20:14:08,810 INFO [app] Application starting
2026-06-15 20:14:08,863 INFO [app] Application starting
2026-06-15 20:14:08,881 INFO [app] Application starting
2026-06-15 20:14:08,985 INFO [app] Application starting
2026-06-15 20:14:15,254 INFO [app] Application starting
2026-06-15 20:14:15,516 INFO [app] Application starting
2026-06-15 20:14:15,684 INFO [app] Application starting
2026-06-15 20:14:15,704 INFO [app] Application starting
2026-06-15 20:14:15,729 INFO [app] Application starting
2026-06-15 20:14:15,829 INFO [app] Application starting
2026-06-15 20:14:15,939 INFO [app] Application starting
2026-06-15 20:14:15,956 INFO [app] Application starting
2026-06-15 20:14:15,969 INFO [app] Application starting
2026-06-15 20:14:16,070 INFO [app] Application starting
2026-06-15 20:14:16,070 INFO [app] Application starting
2026-06-15 20:14:16,163 INFO [app] Application starting
2026-06-15 20:15:02,922 INFO [app] Application starting
2026-06-15 20:15:03,168 INFO [app] Application starting
2026-06-15 20:15:03,213 INFO [app] Application starting
2026-06-15 20:15:03,223 INFO [app] Application starting
2026-06-15 20:15:03,356 INFO [app] Application starting
2026-06-15 20:15:03,467 INFO [app] Application starting
2026-06-15 20:15:03,594 INFO [app] Application starting
2026-06-15 20:15:03,668 INFO [app] Application starting
2026-06-15 20:15:04,032 INFO [app] Application starting
2026-06-15 20:15:04,032 INFO [app] Application starting
2026-06-15 20:15:04,056 INFO [app] Application starting
2026-06-15 20:15:04,140 INFO [app] Application starting
2026-06-15 20:15:11,214 INFO [app] Application starting
2026-06-15 20:15:11,351 INFO [app] Application starting
2026-06-15 20:15:11,353 INFO [app] Application starting
2026-06-15 20:15:11,415 INFO [app] Application starting
2026-06-15 20:15:11,763 INFO [app] Application starting
2026-06-15 20:15:12,004 INFO [app] Application starting
2026-06-15 20:15:12,013 INFO [app] Application starting
2026-06-15 20:15:12,322 INFO [app] Application starting
2026-06-15 20:15:12,327 INFO [app] Application starting
2026-06-15 20:15:12,329 INFO [app] Application starting
2026-06-15 20:15:12,334 INFO [app] Application starting
2026-06-15 20:15:12,340 INFO [app] Application starting
2026-06-15 20:15:17,546 INFO [app] Application starting
2026-06-15 20:15:17,573 INFO [app] Application starting
2026-06-15 20:15:17,580 INFO [app] Application starting
2026-06-15 20:15:17,583 INFO [app] Application starting
2026-06-15 20:15:17,604 INFO [app] Application starting
2026-06-15 20:15:17,627 INFO [app] Application starting
2026-06-15 20:15:17,709 INFO [app] Application starting
2026-06-15 20:15:17,803 INFO [app] Application starting
2026-06-15 20:15:17,993 INFO [app] Application starting
2026-06-15 20:15:18,168 INFO [app] Application starting
2026-06-15 20:15:18,282 INFO [app] Application starting
2026-06-15 20:15:18,312 INFO [app] Application starting
2026-06-15 20:15:26,730 INFO [app] Application starting
2026-06-15 20:15:26,738 INFO [app] Application starting
2026-06-15 20:15:26,768 INFO [app] Application starting
2026-06-15 20:15:26,771 INFO [app] Application starting
2026-06-15 20:15:26,778 INFO [app] Application starting
2026-06-15 20:15:26,779 INFO [app] Application starting
2026-06-15 20:15:26,875 INFO [app] Application starting
2026-06-15 20:15:27,000 INFO [app] Application starting
2026-06-15 20:15:27,197 INFO [app] Application starting
2026-06-15 20:15:27,376 INFO [app] Application starting
2026-06-15 20:15:27,416 INFO [app] Application starting
2026-06-15 20:15:27,420 INFO [app] Application starting
2026-06-15 20:15:45,005 INFO [app] Application starting
2026-06-15 20:15:45,208 INFO [app] Application starting
2026-06-15 20:15:45,211 INFO [app] Application starting
2026-06-15 20:15:45,215 INFO [app] Application starting
2026-06-15 20:15:45,404 INFO [app] Application starting
2026-06-15 20:15:45,428 INFO [app] Application starting
2026-06-15 20:15:45,494 INFO [app] Application starting
2026-06-15 20:15:45,557 INFO [app] Application starting
2026-06-15 20:15:45,717 INFO [app] Application starting
2026-06-15 20:15:45,755 INFO [app] Application starting
2026-06-15 20:15:45,818 INFO [app] Application starting
2026-06-15 20:15:45,847 INFO [app] Application starting
2026-06-15 20:16:41,327 INFO [app] Application starting
2026-06-15 20:16:41,378 INFO [app] Application starting
2026-06-15 20:16:42,290 INFO [app] Application starting
2026-06-15 20:16:42,565 INFO [app] Application starting
2026-06-15 20:16:42,692 INFO [app] Application starting
2026-06-15 20:16:42,795 INFO [app] Application starting
2026-06-15 20:16:42,826 INFO [app] Application starting
2026-06-15 20:16:42,830 INFO [app] Application starting
2026-06-15 20:16:42,932 INFO [app] Application starting
2026-06-15 20:16:43,029 INFO [app] Application starting
2026-06-15 20:16:43,078 INFO [app] Application starting
2026-06-15 20:16:43,144 INFO [app] Application starting
2026-06-15 20:16:49,599 INFO [app] Application starting
2026-06-15 20:16:49,811 INFO [app] Application starting
2026-06-15 20:16:49,894 INFO [app] Application starting
2026-06-15 20:16:50,005 INFO [app] Application starting
2026-06-15 20:16:50,531 INFO [app] Application starting
2026-06-15 20:16:50,567 INFO [app] Application starting
2026-06-15 20:16:50,582 INFO [app] Application starting
2026-06-15 20:16:50,681 INFO [app] Application starting
2026-06-15 20:16:50,811 INFO [app] Application starting
2026-06-15 20:16:50,852 INFO [app] Application starting
2026-06-15 20:16:50,885 INFO [app] Application starting
2026-06-15 20:16:50,889 INFO [app] Application starting
2026-06-15 20:17:29,929 INFO [app] Application starting
2026-06-15 20:17:30,004 INFO [app] Application starting
2026-06-15 20:17:30,056 INFO [app] Application starting
2026-06-15 20:17:30,284 INFO [app] Application starting
2026-06-15 20:17:30,337 INFO [app] Application starting
2026-06-15 20:17:30,367 INFO [app] Application starting
2026-06-15 20:17:30,418 INFO [app] Application starting
2026-06-15 20:17:30,577 INFO [app] Application starting
2026-06-15 20:17:30,606 INFO [app] Application starting
2026-06-15 20:17:30,618 INFO [app] Application starting
2026-06-15 20:17:30,657 INFO [app] Application starting
2026-06-15 20:17:30,663 INFO [app] Application starting
2026-06-15 20:17:35,965 INFO [app] Application starting
2026-06-15 20:17:36,029 INFO [app] Application starting
2026-06-15 20:17:36,240 INFO [app] Application starting
2026-06-15 20:17:36,539 INFO [app] Application starting
2026-06-15 20:17:36,748 INFO [app] Application starting
2026-06-15 20:17:36,798 INFO [app] Application starting
2026-06-15 20:17:36,815 INFO [app] Application starting
2026-06-15 20:17:36,884 INFO [app] Application starting
2026-06-15 20:17:36,893 INFO [app] Application starting
2026-06-15 20:17:36,897 INFO [app] Application starting
2026-06-15 20:17:36,992 INFO [app] Application starting
2026-06-15 20:17:36,993 INFO [app] Application starting
2026-06-15 20:18:09,756 INFO [app] Application starting
2026-06-15 20:18:10,134 INFO [app] Application starting
2026-06-15 20:18:10,258 INFO [app] Application starting
2026-06-15 20:18:10,445 INFO [app] Application starting
2026-06-15 20:18:10,542 INFO [app] Application starting
2026-06-15 20:18:10,582 INFO [app] Application starting
2026-06-15 20:18:10,626 INFO [app] Application starting
2026-06-15 20:18:10,638 INFO [app] Application starting
2026-06-15 20:18:10,658 INFO [app] Application starting
2026-06-15 20:18:10,676 INFO [app] Application starting
2026-06-15 20:18:10,804 INFO [app] Application starting
2026-06-15 20:18:10,910 INFO [app] Application starting
2026-06-15 20:18:26,196 INFO [app] Application starting
2026-06-15 20:18:26,414 INFO [app] Application starting
2026-06-15 20:18:26,536 INFO [app] Application starting
2026-06-15 20:18:27,133 INFO [app] Application starting
2026-06-15 20:18:27,475 INFO [app] Application starting
2026-06-15 20:18:27,647 INFO [app] Application starting
2026-06-15 20:18:27,815 INFO [app] Application starting
2026-06-15 20:18:27,824 INFO [app] Application starting
2026-06-15 20:18:27,835 INFO [app] Application starting
2026-06-15 20:18:27,850 INFO [app] Application starting
2026-06-15 20:18:27,874 INFO [app] Application starting
2026-06-15 20:18:27,875 INFO [app] Application starting
2026-06-15 20:19:17,145 INFO [app] Application starting
2026-06-15 20:19:17,172 INFO [app] Application starting
2026-06-15 20:19:17,181 INFO [app] Application starting
2026-06-15 20:19:17,237 INFO [app] Application starting
2026-06-15 20:19:17,257 INFO [app] Application starting
2026-06-15 20:19:17,289 INFO [app] Application starting
2026-06-15 20:19:17,552 INFO [app] Application starting
2026-06-15 20:19:17,676 INFO [app] Application starting
2026-06-15 20:19:17,789 INFO [app] Application starting
2026-06-15 20:19:17,835 INFO [app] Application starting
2026-06-15 20:19:17,899 INFO [app] Application starting
2026-06-15 20:19:17,924 INFO [app] Application starting
2026-06-15 20:19:24,706 INFO [app] Application starting
2026-06-15 20:19:24,810 INFO [app] Application starting
2026-06-15 20:19:24,855 INFO [app] Application starting
2026-06-15 20:19:24,949 INFO [app] Application starting
2026-06-15 20:19:25,006 INFO [app] Application starting
2026-06-15 20:19:25,304 INFO [app] Application starting
2026-06-15 20:19:25,359 INFO [app] Application starting
2026-06-15 20:19:25,385 INFO [app] Application starting
2026-06-15 20:19:25,439 INFO [app] Application starting
2026-06-15 20:19:25,478 INFO [app] Application starting
2026-06-15 20:19:25,499 INFO [app] Application starting
2026-06-15 20:19:25,787 INFO [app] Application starting
2026-06-15 20:21:29,525 INFO [app] Application starting
2026-06-15 20:21:35,575 INFO [app] Application starting
2026-06-15 20:21:36,238 INFO [app] Application starting
2026-06-15 20:21:43,829 INFO [app] User login: student_xiao (student)
2026-06-15 20:21:44,323 INFO [app] Booking created: id=4 student=4 course=1
2026-06-15 20:21:44,947 INFO [app] User login: teacher_wang (teacher)
2026-06-15 20:21:45,825 INFO [app] User login: parent_zhang (parent)
2026-06-15 20:21:46,608 INFO [app] Booking created: id=5 student=5 course=1
2026-06-15 20:21:47,120 INFO [app] User login: admin (admin)
2026-06-15 20:21:47,670 INFO [app] User login: student_xiao (student)
2026-06-15 20:21:48,099 INFO [app] User login: teacher_wang (teacher)
2026-06-15 20:22:01,164 INFO [app] User login: admin (admin)
2026-06-15 20:24:55,656 INFO [app] User login: admin (admin)
2026-06-15 20:26:01,723 INFO [app] Application starting
2026-06-15 20:26:45,629 INFO [app] User login: admin (admin)
2026-06-15 20:30:22,299 INFO [app] Application starting
2026-06-15 20:30:40,445 INFO [app] User login: student_xiao (student)
2026-06-15 20:30:40,895 INFO [app] Booking created: id=6 student=4 course=1
2026-06-15 20:30:41,431 INFO [app] User login: teacher_wang (teacher)
2026-06-15 20:30:42,317 INFO [app] User login: parent_zhang (parent)
2026-06-15 20:30:43,060 INFO [app] Booking created: id=7 student=5 course=1
2026-06-15 20:30:43,585 INFO [app] User login: admin (admin)
2026-06-15 20:30:44,153 INFO [app] User login: student_xiao (student)
2026-06-15 20:30:44,628 INFO [app] User login: teacher_wang (teacher)
2026-06-15 20:36:53,629 INFO [app] User login: student_ming (student)
2026-06-15 20:42:58,498 INFO [app] User login: teacher_li (teacher)
2026-06-15 20:43:51,622 INFO [app] User login: parent_zhang (parent)
2026-06-17 10:43:46,554 INFO [app] Application starting
2026-06-17 10:43:46,979 INFO [app] Application starting
2026-06-17 10:43:46,979 INFO [app] Application starting
2026-06-17 10:43:47,306 INFO [app] Application starting
2026-06-17 10:43:47,306 INFO [app] Application starting
2026-06-17 10:43:47,306 INFO [app] Application starting
2026-06-17 10:43:47,619 INFO [app] Application starting
2026-06-17 10:43:47,619 INFO [app] Application starting
2026-06-17 10:43:47,619 INFO [app] Application starting
2026-06-17 10:43:47,619 INFO [app] Application starting
2026-06-17 10:43:47,911 INFO [app] Application starting
2026-06-17 10:43:47,911 INFO [app] Application starting
2026-06-17 10:43:47,911 INFO [app] Application starting
2026-06-17 10:43:47,911 INFO [app] Application starting
2026-06-17 10:43:47,911 INFO [app] Application starting
2026-06-17 10:43:47,995 INFO [app] Application starting
2026-06-17 10:43:47,995 INFO [app] Application starting
2026-06-17 10:43:47,995 INFO [app] Application starting
2026-06-17 10:43:47,995 INFO [app] Application starting
2026-06-17 10:43:47,995 INFO [app] Application starting
2026-06-17 10:43:47,995 INFO [app] Application starting
2026-06-17 10:43:48,009 INFO [app] Application starting
2026-06-17 10:43:48,009 INFO [app] Application starting
2026-06-17 10:43:48,009 INFO [app] Application starting
2026-06-17 10:43:48,009 INFO [app] Application starting
2026-06-17 10:43:48,009 INFO [app] Application starting
2026-06-17 10:43:48,009 INFO [app] Application starting
2026-06-17 10:43:48,009 INFO [app] Application starting
2026-06-17 10:43:48,022 INFO [app] Application starting
2026-06-17 10:43:48,022 INFO [app] Application starting
2026-06-17 10:43:48,022 INFO [app] Application starting
2026-06-17 10:43:48,022 INFO [app] Application starting
2026-06-17 10:43:48,022 INFO [app] Application starting
2026-06-17 10:43:48,022 INFO [app] Application starting
2026-06-17 10:43:48,022 INFO [app] Application starting
2026-06-17 10:43:48,022 INFO [app] Application starting
2026-06-17 10:43:48,170 INFO [app] Application starting
2026-06-17 10:43:48,170 INFO [app] Application starting
2026-06-17 10:43:48,170 INFO [app] Application starting
2026-06-17 10:43:48,170 INFO [app] Application starting
2026-06-17 10:43:48,170 INFO [app] Application starting
2026-06-17 10:43:48,170 INFO [app] Application starting
2026-06-17 10:43:48,170 INFO [app] Application starting
2026-06-17 10:43:48,170 INFO [app] Application starting
2026-06-17 10:43:48,170 INFO [app] Application starting
2026-06-17 10:43:48,390 INFO [app] Application starting
2026-06-17 10:43:48,390 INFO [app] Application starting
2026-06-17 10:43:48,390 INFO [app] Application starting
2026-06-17 10:43:48,390 INFO [app] Application starting
2026-06-17 10:43:48,390 INFO [app] Application starting
2026-06-17 10:43:48,390 INFO [app] Application starting
2026-06-17 10:43:48,390 INFO [app] Application starting
2026-06-17 10:43:48,390 INFO [app] Application starting
2026-06-17 10:43:48,390 INFO [app] Application starting
2026-06-17 10:43:48,390 INFO [app] Application starting
2026-06-17 10:43:48,601 INFO [app] Application starting
2026-06-17 10:43:48,601 INFO [app] Application starting
2026-06-17 10:43:48,601 INFO [app] Application starting
2026-06-17 10:43:48,601 INFO [app] Application starting
2026-06-17 10:43:48,601 INFO [app] Application starting
2026-06-17 10:43:48,601 INFO [app] Application starting
2026-06-17 10:43:48,601 INFO [app] Application starting
2026-06-17 10:43:48,601 INFO [app] Application starting
2026-06-17 10:43:48,601 INFO [app] Application starting
2026-06-17 10:43:48,601 INFO [app] Application starting
2026-06-17 10:43:48,601 INFO [app] Application starting
2026-06-17 10:43:48,795 INFO [app] Application starting
2026-06-17 10:43:48,795 INFO [app] Application starting
2026-06-17 10:43:48,795 INFO [app] Application starting
2026-06-17 10:43:48,795 INFO [app] Application starting
2026-06-17 10:43:48,795 INFO [app] Application starting
2026-06-17 10:43:48,795 INFO [app] Application starting
2026-06-17 10:43:48,795 INFO [app] Application starting
2026-06-17 10:43:48,795 INFO [app] Application starting
2026-06-17 10:43:48,795 INFO [app] Application starting
2026-06-17 10:43:48,795 INFO [app] Application starting
2026-06-17 10:43:48,795 INFO [app] Application starting
2026-06-17 10:43:48,795 INFO [app] Application starting
2026-06-17 10:43:48,998 INFO [app] Application starting
2026-06-17 10:43:48,998 INFO [app] Application starting
2026-06-17 10:43:48,998 INFO [app] Application starting
2026-06-17 10:43:48,998 INFO [app] Application starting
2026-06-17 10:43:48,998 INFO [app] Application starting
2026-06-17 10:43:48,998 INFO [app] Application starting
2026-06-17 10:43:48,998 INFO [app] Application starting
2026-06-17 10:43:48,998 INFO [app] Application starting
2026-06-17 10:43:48,998 INFO [app] Application starting
2026-06-17 10:43:48,998 INFO [app] Application starting
2026-06-17 10:43:48,998 INFO [app] Application starting
2026-06-17 10:43:48,998 INFO [app] Application starting
2026-06-17 10:43:48,998 INFO [app] Application starting
2026-06-17 10:43:49,290 INFO [app] Application starting
2026-06-17 10:43:49,290 INFO [app] Application starting
2026-06-17 10:43:49,290 INFO [app] Application starting
2026-06-17 10:43:49,290 INFO [app] Application starting
2026-06-17 10:43:49,290 INFO [app] Application starting
2026-06-17 10:43:49,290 INFO [app] Application starting
2026-06-17 10:43:49,290 INFO [app] Application starting
2026-06-17 10:43:49,290 INFO [app] Application starting
2026-06-17 10:43:49,290 INFO [app] Application starting
2026-06-17 10:43:49,290 INFO [app] Application starting
2026-06-17 10:43:49,290 INFO [app] Application starting
2026-06-17 10:43:49,290 INFO [app] Application starting
2026-06-17 10:43:49,290 INFO [app] Application starting
2026-06-17 10:43:49,290 INFO [app] Application starting
2026-06-17 10:43:49,591 INFO [app] Application starting
2026-06-17 10:43:49,591 INFO [app] Application starting
2026-06-17 10:43:49,591 INFO [app] Application starting
2026-06-17 10:43:49,591 INFO [app] Application starting
2026-06-17 10:43:49,591 INFO [app] Application starting
2026-06-17 10:43:49,591 INFO [app] Application starting
2026-06-17 10:43:49,591 INFO [app] Application starting
2026-06-17 10:43:49,591 INFO [app] Application starting
2026-06-17 10:43:49,591 INFO [app] Application starting
2026-06-17 10:43:49,591 INFO [app] Application starting
2026-06-17 10:43:49,591 INFO [app] Application starting
2026-06-17 10:43:49,591 INFO [app] Application starting
2026-06-17 10:43:49,591 INFO [app] Application starting
2026-06-17 10:43:49,591 INFO [app] Application starting
2026-06-17 10:43:49,591 INFO [app] Application starting
2026-06-17 10:43:49,883 INFO [app] Application starting
2026-06-17 10:43:49,883 INFO [app] Application starting
2026-06-17 10:43:49,883 INFO [app] Application starting
2026-06-17 10:43:49,883 INFO [app] Application starting
2026-06-17 10:43:49,883 INFO [app] Application starting
2026-06-17 10:43:49,883 INFO [app] Application starting
2026-06-17 10:43:49,883 INFO [app] Application starting
2026-06-17 10:43:49,883 INFO [app] Application starting
2026-06-17 10:43:49,883 INFO [app] Application starting
2026-06-17 10:43:49,883 INFO [app] Application starting
2026-06-17 10:43:49,883 INFO [app] Application starting
2026-06-17 10:43:49,883 INFO [app] Application starting
2026-06-17 10:43:49,883 INFO [app] Application starting
2026-06-17 10:43:49,883 INFO [app] Application starting
2026-06-17 10:43:49,883 INFO [app] Application starting
2026-06-17 10:43:49,883 INFO [app] Application starting
2026-06-17 10:43:49,992 INFO [app] Application starting
2026-06-17 10:43:49,992 INFO [app] Application starting
2026-06-17 10:43:49,992 INFO [app] Application starting
2026-06-17 10:43:49,992 INFO [app] Application starting
2026-06-17 10:43:49,992 INFO [app] Application starting
2026-06-17 10:43:49,992 INFO [app] Application starting
2026-06-17 10:43:49,992 INFO [app] Application starting
2026-06-17 10:43:49,992 INFO [app] Application starting
2026-06-17 10:43:49,992 INFO [app] Application starting
2026-06-17 10:43:49,992 INFO [app] Application starting
2026-06-17 10:43:49,992 INFO [app] Application starting
2026-06-17 10:43:49,992 INFO [app] Application starting
2026-06-17 10:43:49,992 INFO [app] Application starting
2026-06-17 10:43:49,992 INFO [app] Application starting
2026-06-17 10:43:49,992 INFO [app] Application starting
2026-06-17 10:43:49,992 INFO [app] Application starting
2026-06-17 10:43:49,992 INFO [app] Application starting
2026-06-17 10:43:50,106 INFO [app] Application starting
2026-06-17 10:43:50,106 INFO [app] Application starting
2026-06-17 10:43:50,106 INFO [app] Application starting
2026-06-17 10:43:50,106 INFO [app] Application starting
2026-06-17 10:43:50,106 INFO [app] Application starting
2026-06-17 10:43:50,106 INFO [app] Application starting
2026-06-17 10:43:50,106 INFO [app] Application starting
2026-06-17 10:43:50,106 INFO [app] Application starting
2026-06-17 10:43:50,106 INFO [app] Application starting
2026-06-17 10:43:50,106 INFO [app] Application starting
2026-06-17 10:43:50,106 INFO [app] Application starting
2026-06-17 10:43:50,106 INFO [app] Application starting
2026-06-17 10:43:50,106 INFO [app] Application starting
2026-06-17 10:43:50,106 INFO [app] Application starting
2026-06-17 10:43:50,106 INFO [app] Application starting
2026-06-17 10:43:50,106 INFO [app] Application starting
2026-06-17 10:43:50,106 INFO [app] Application starting
2026-06-17 10:43:50,106 INFO [app] Application starting
2026-06-17 10:43:50,396 INFO [app] Application starting
2026-06-17 10:43:50,396 INFO [app] Application starting
2026-06-17 10:43:50,396 INFO [app] Application starting
2026-06-17 10:43:50,396 INFO [app] Application starting
2026-06-17 10:43:50,396 INFO [app] Application starting
2026-06-17 10:43:50,396 INFO [app] Application starting
2026-06-17 10:43:50,396 INFO [app] Application starting
2026-06-17 10:43:50,396 INFO [app] Application starting
2026-06-17 10:43:50,396 INFO [app] Application starting
2026-06-17 10:43:50,396 INFO [app] Application starting
2026-06-17 10:43:50,396 INFO [app] Application starting
2026-06-17 10:43:50,396 INFO [app] Application starting
2026-06-17 10:43:50,396 INFO [app] Application starting
2026-06-17 10:43:50,396 INFO [app] Application starting
2026-06-17 10:43:50,396 INFO [app] Application starting
2026-06-17 10:43:50,396 INFO [app] Application starting
2026-06-17 10:43:50,396 INFO [app] Application starting
2026-06-17 10:43:50,396 INFO [app] Application starting
2026-06-17 10:43:50,396 INFO [app] Application starting
2026-06-17 10:43:50,675 INFO [app] Application starting
2026-06-17 10:43:50,675 INFO [app] Application starting
2026-06-17 10:43:50,675 INFO [app] Application starting
2026-06-17 10:43:50,675 INFO [app] Application starting
2026-06-17 10:43:50,675 INFO [app] Application starting
2026-06-17 10:43:50,675 INFO [app] Application starting
2026-06-17 10:43:50,675 INFO [app] Application starting
2026-06-17 10:43:50,675 INFO [app] Application starting
2026-06-17 10:43:50,675 INFO [app] Application starting
2026-06-17 10:43:50,675 INFO [app] Application starting
2026-06-17 10:43:50,675 INFO [app] Application starting
2026-06-17 10:43:50,675 INFO [app] Application starting
2026-06-17 10:43:50,675 INFO [app] Application starting
2026-06-17 10:43:50,675 INFO [app] Application starting
2026-06-17 10:43:50,675 INFO [app] Application starting
2026-06-17 10:43:50,675 INFO [app] Application starting
2026-06-17 10:43:50,675 INFO [app] Application starting
2026-06-17 10:43:50,675 INFO [app] Application starting
2026-06-17 10:43:50,675 INFO [app] Application starting
2026-06-17 10:43:50,675 INFO [app] Application starting
2026-06-17 10:43:50,967 INFO [app] Application starting
2026-06-17 10:43:50,967 INFO [app] Application starting
2026-06-17 10:43:50,967 INFO [app] Application starting
2026-06-17 10:43:50,967 INFO [app] Application starting
2026-06-17 10:43:50,967 INFO [app] Application starting
2026-06-17 10:43:50,967 INFO [app] Application starting
2026-06-17 10:43:50,967 INFO [app] Application starting
2026-06-17 10:43:50,967 INFO [app] Application starting
2026-06-17 10:43:50,967 INFO [app] Application starting
2026-06-17 10:43:50,967 INFO [app] Application starting
2026-06-17 10:43:50,967 INFO [app] Application starting
2026-06-17 10:43:50,967 INFO [app] Application starting
2026-06-17 10:43:50,967 INFO [app] Application starting
2026-06-17 10:43:50,967 INFO [app] Application starting
2026-06-17 10:43:50,967 INFO [app] Application starting
2026-06-17 10:43:50,967 INFO [app] Application starting
2026-06-17 10:43:50,967 INFO [app] Application starting
2026-06-17 10:43:50,967 INFO [app] Application starting
2026-06-17 10:43:50,967 INFO [app] Application starting
2026-06-17 10:43:50,967 INFO [app] Application starting
2026-06-17 10:43:50,967 INFO [app] Application starting
2026-06-17 10:43:51,272 INFO [app] Application starting
2026-06-17 10:43:51,272 INFO [app] Application starting
2026-06-17 10:43:51,272 INFO [app] Application starting
2026-06-17 10:43:51,272 INFO [app] Application starting
2026-06-17 10:43:51,272 INFO [app] Application starting
2026-06-17 10:43:51,272 INFO [app] Application starting
2026-06-17 10:43:51,272 INFO [app] Application starting
2026-06-17 10:43:51,272 INFO [app] Application starting
2026-06-17 10:43:51,272 INFO [app] Application starting
2026-06-17 10:43:51,272 INFO [app] Application starting
2026-06-17 10:43:51,272 INFO [app] Application starting
2026-06-17 10:43:51,272 INFO [app] Application starting
2026-06-17 10:43:51,272 INFO [app] Application starting
2026-06-17 10:43:51,272 INFO [app] Application starting
2026-06-17 10:43:51,272 INFO [app] Application starting
2026-06-17 10:43:51,272 INFO [app] Application starting
2026-06-17 10:43:51,272 INFO [app] Application starting
2026-06-17 10:43:51,272 INFO [app] Application starting
2026-06-17 10:43:51,272 INFO [app] Application starting
2026-06-17 10:43:51,272 INFO [app] Application starting
2026-06-17 10:43:51,272 INFO [app] Application starting
2026-06-17 10:43:51,272 INFO [app] Application starting
2026-06-17 10:43:51,561 INFO [app] Application starting
2026-06-17 10:43:51,561 INFO [app] Application starting
2026-06-17 10:43:51,561 INFO [app] Application starting
2026-06-17 10:43:51,561 INFO [app] Application starting
2026-06-17 10:43:51,561 INFO [app] Application starting
2026-06-17 10:43:51,561 INFO [app] Application starting
2026-06-17 10:43:51,561 INFO [app] Application starting
2026-06-17 10:43:51,561 INFO [app] Application starting
2026-06-17 10:43:51,561 INFO [app] Application starting
2026-06-17 10:43:51,561 INFO [app] Application starting
2026-06-17 10:43:51,561 INFO [app] Application starting
2026-06-17 10:43:51,561 INFO [app] Application starting
2026-06-17 10:43:51,561 INFO [app] Application starting
2026-06-17 10:43:51,561 INFO [app] Application starting
2026-06-17 10:43:51,561 INFO [app] Application starting
2026-06-17 10:43:51,561 INFO [app] Application starting
2026-06-17 10:43:51,561 INFO [app] Application starting
2026-06-17 10:43:51,561 INFO [app] Application starting
2026-06-17 10:43:51,561 INFO [app] Application starting
2026-06-17 10:43:51,561 INFO [app] Application starting
2026-06-17 10:43:51,561 INFO [app] Application starting
2026-06-17 10:43:51,561 INFO [app] Application starting
2026-06-17 10:43:51,561 INFO [app] Application starting
2026-06-17 10:43:51,852 INFO [app] Application starting
2026-06-17 10:43:51,852 INFO [app] Application starting
2026-06-17 10:43:51,852 INFO [app] Application starting
2026-06-17 10:43:51,852 INFO [app] Application starting
2026-06-17 10:43:51,852 INFO [app] Application starting
2026-06-17 10:43:51,852 INFO [app] Application starting
2026-06-17 10:43:51,852 INFO [app] Application starting
2026-06-17 10:43:51,852 INFO [app] Application starting
2026-06-17 10:43:51,852 INFO [app] Application starting
2026-06-17 10:43:51,852 INFO [app] Application starting
2026-06-17 10:43:51,852 INFO [app] Application starting
2026-06-17 10:43:51,852 INFO [app] Application starting
2026-06-17 10:43:51,852 INFO [app] Application starting
2026-06-17 10:43:51,852 INFO [app] Application starting
2026-06-17 10:43:51,852 INFO [app] Application starting
2026-06-17 10:43:51,852 INFO [app] Application starting
2026-06-17 10:43:51,852 INFO [app] Application starting
2026-06-17 10:43:51,852 INFO [app] Application starting
2026-06-17 10:43:51,852 INFO [app] Application starting
2026-06-17 10:43:51,852 INFO [app] Application starting
2026-06-17 10:43:51,852 INFO [app] Application starting
2026-06-17 10:43:51,852 INFO [app] Application starting
2026-06-17 10:43:51,852 INFO [app] Application starting
2026-06-17 10:43:51,852 INFO [app] Application starting
2026-06-17 10:43:52,154 INFO [app] Application starting
2026-06-17 10:43:52,154 INFO [app] Application starting
2026-06-17 10:43:52,154 INFO [app] Application starting
2026-06-17 10:43:52,154 INFO [app] Application starting
2026-06-17 10:43:52,154 INFO [app] Application starting
2026-06-17 10:43:52,154 INFO [app] Application starting
2026-06-17 10:43:52,154 INFO [app] Application starting
2026-06-17 10:43:52,154 INFO [app] Application starting
2026-06-17 10:43:52,154 INFO [app] Application starting
2026-06-17 10:43:52,154 INFO [app] Application starting
2026-06-17 10:43:52,154 INFO [app] Application starting
2026-06-17 10:43:52,154 INFO [app] Application starting
2026-06-17 10:43:52,154 INFO [app] Application starting
2026-06-17 10:43:52,154 INFO [app] Application starting
2026-06-17 10:43:52,154 INFO [app] Application starting
2026-06-17 10:43:52,154 INFO [app] Application starting
2026-06-17 10:43:52,154 INFO [app] Application starting
2026-06-17 10:43:52,154 INFO [app] Application starting
2026-06-17 10:43:52,154 INFO [app] Application starting
2026-06-17 10:43:52,154 INFO [app] Application starting
2026-06-17 10:43:52,154 INFO [app] Application starting
2026-06-17 10:43:52,154 INFO [app] Application starting
2026-06-17 10:43:52,154 INFO [app] Application starting
2026-06-17 10:43:52,154 INFO [app] Application starting
2026-06-17 10:43:52,154 INFO [app] Application starting
2026-06-17 10:43:52,343 INFO [app] Application starting
2026-06-17 10:43:52,343 INFO [app] Application starting
2026-06-17 10:43:52,343 INFO [app] Application starting
2026-06-17 10:43:52,343 INFO [app] Application starting
2026-06-17 10:43:52,343 INFO [app] Application starting
2026-06-17 10:43:52,343 INFO [app] Application starting
2026-06-17 10:43:52,343 INFO [app] Application starting
2026-06-17 10:43:52,343 INFO [app] Application starting
2026-06-17 10:43:52,343 INFO [app] Application starting
2026-06-17 10:43:52,343 INFO [app] Application starting
2026-06-17 10:43:52,343 INFO [app] Application starting
2026-06-17 10:43:52,343 INFO [app] Application starting
2026-06-17 10:43:52,343 INFO [app] Application starting
2026-06-17 10:43:52,343 INFO [app] Application starting
2026-06-17 10:43:52,343 INFO [app] Application starting
2026-06-17 10:43:52,343 INFO [app] Application starting
2026-06-17 10:43:52,343 INFO [app] Application starting
2026-06-17 10:43:52,343 INFO [app] Application starting
2026-06-17 10:43:52,343 INFO [app] Application starting
2026-06-17 10:43:52,343 INFO [app] Application starting
2026-06-17 10:43:52,343 INFO [app] Application starting
2026-06-17 10:43:52,343 INFO [app] Application starting
2026-06-17 10:43:52,343 INFO [app] Application starting
2026-06-17 10:43:52,343 INFO [app] Application starting
2026-06-17 10:43:52,343 INFO [app] Application starting
2026-06-17 10:43:52,343 INFO [app] Application starting
2026-06-17 10:43:52,541 INFO [app] Application starting
2026-06-17 10:43:52,541 INFO [app] Application starting
2026-06-17 10:43:52,541 INFO [app] Application starting
2026-06-17 10:43:52,541 INFO [app] Application starting
2026-06-17 10:43:52,541 INFO [app] Application starting
2026-06-17 10:43:52,541 INFO [app] Application starting
2026-06-17 10:43:52,541 INFO [app] Application starting
2026-06-17 10:43:52,541 INFO [app] Application starting
2026-06-17 10:43:52,541 INFO [app] Application starting
2026-06-17 10:43:52,541 INFO [app] Application starting
2026-06-17 10:43:52,541 INFO [app] Application starting
2026-06-17 10:43:52,541 INFO [app] Application starting
2026-06-17 10:43:52,541 INFO [app] Application starting
2026-06-17 10:43:52,541 INFO [app] Application starting
2026-06-17 10:43:52,541 INFO [app] Application starting
2026-06-17 10:43:52,541 INFO [app] Application starting
2026-06-17 10:43:52,541 INFO [app] Application starting
2026-06-17 10:43:52,541 INFO [app] Application starting
2026-06-17 10:43:52,541 INFO [app] Application starting
2026-06-17 10:43:52,541 INFO [app] Application starting
2026-06-17 10:43:52,541 INFO [app] Application starting
2026-06-17 10:43:52,541 INFO [app] Application starting
2026-06-17 10:43:52,541 INFO [app] Application starting
2026-06-17 10:43:52,541 INFO [app] Application starting
2026-06-17 10:43:52,541 INFO [app] Application starting
2026-06-17 10:43:52,541 INFO [app] Application starting
2026-06-17 10:43:52,541 INFO [app] Application starting
2026-06-17 10:43:52,746 INFO [app] Application starting
2026-06-17 10:43:52,746 INFO [app] Application starting
2026-06-17 10:43:52,746 INFO [app] Application starting
2026-06-17 10:43:52,746 INFO [app] Application starting
2026-06-17 10:43:52,746 INFO [app] Application starting
2026-06-17 10:43:52,746 INFO [app] Application starting
2026-06-17 10:43:52,746 INFO [app] Application starting
2026-06-17 10:43:52,746 INFO [app] Application starting
2026-06-17 10:43:52,746 INFO [app] Application starting
2026-06-17 10:43:52,746 INFO [app] Application starting
2026-06-17 10:43:52,746 INFO [app] Application starting
2026-06-17 10:43:52,746 INFO [app] Application starting
2026-06-17 10:43:52,746 INFO [app] Application starting
2026-06-17 10:43:52,746 INFO [app] Application starting
2026-06-17 10:43:52,746 INFO [app] Application starting
2026-06-17 10:43:52,746 INFO [app] Application starting
2026-06-17 10:43:52,746 INFO [app] Application starting
2026-06-17 10:43:52,746 INFO [app] Application starting
2026-06-17 10:43:52,746 INFO [app] Application starting
2026-06-17 10:43:52,746 INFO [app] Application starting
2026-06-17 10:43:52,746 INFO [app] Application starting
2026-06-17 10:43:52,746 INFO [app] Application starting
2026-06-17 10:43:52,746 INFO [app] Application starting
2026-06-17 10:43:52,746 INFO [app] Application starting
2026-06-17 10:43:52,746 INFO [app] Application starting
2026-06-17 10:43:52,746 INFO [app] Application starting
2026-06-17 10:43:52,746 INFO [app] Application starting
2026-06-17 10:43:52,746 INFO [app] Application starting
2026-06-17 10:43:52,954 INFO [app] Application starting
2026-06-17 10:43:52,954 INFO [app] Application starting
2026-06-17 10:43:52,954 INFO [app] Application starting
2026-06-17 10:43:52,954 INFO [app] Application starting
2026-06-17 10:43:52,954 INFO [app] Application starting
2026-06-17 10:43:52,954 INFO [app] Application starting
2026-06-17 10:43:52,954 INFO [app] Application starting
2026-06-17 10:43:52,954 INFO [app] Application starting
2026-06-17 10:43:52,954 INFO [app] Application starting
2026-06-17 10:43:52,954 INFO [app] Application starting
2026-06-17 10:43:52,954 INFO [app] Application starting
2026-06-17 10:43:52,954 INFO [app] Application starting
2026-06-17 10:43:52,954 INFO [app] Application starting
2026-06-17 10:43:52,954 INFO [app] Application starting
2026-06-17 10:43:52,954 INFO [app] Application starting
2026-06-17 10:43:52,954 INFO [app] Application starting
2026-06-17 10:43:52,954 INFO [app] Application starting
2026-06-17 10:43:52,954 INFO [app] Application starting
2026-06-17 10:43:52,954 INFO [app] Application starting
2026-06-17 10:43:52,954 INFO [app] Application starting
2026-06-17 10:43:52,954 INFO [app] Application starting
2026-06-17 10:43:52,954 INFO [app] Application starting
2026-06-17 10:43:52,954 INFO [app] Application starting
2026-06-17 10:43:52,954 INFO [app] Application starting
2026-06-17 10:43:52,954 INFO [app] Application starting
2026-06-17 10:43:52,954 INFO [app] Application starting
2026-06-17 10:43:52,954 INFO [app] Application starting
2026-06-17 10:43:52,954 INFO [app] Application starting
2026-06-17 10:43:52,954 INFO [app] Application starting
2026-06-17 10:43:53,162 INFO [app] Application starting
2026-06-17 10:43:53,162 INFO [app] Application starting
2026-06-17 10:43:53,162 INFO [app] Application starting
2026-06-17 10:43:53,162 INFO [app] Application starting
2026-06-17 10:43:53,162 INFO [app] Application starting
2026-06-17 10:43:53,162 INFO [app] Application starting
2026-06-17 10:43:53,162 INFO [app] Application starting
2026-06-17 10:43:53,162 INFO [app] Application starting
2026-06-17 10:43:53,162 INFO [app] Application starting
2026-06-17 10:43:53,162 INFO [app] Application starting
2026-06-17 10:43:53,162 INFO [app] Application starting
2026-06-17 10:43:53,162 INFO [app] Application starting
2026-06-17 10:43:53,162 INFO [app] Application starting
2026-06-17 10:43:53,162 INFO [app] Application starting
2026-06-17 10:43:53,162 INFO [app] Application starting
2026-06-17 10:43:53,162 INFO [app] Application starting
2026-06-17 10:43:53,162 INFO [app] Application starting
2026-06-17 10:43:53,162 INFO [app] Application starting
2026-06-17 10:43:53,162 INFO [app] Application starting
2026-06-17 10:43:53,162 INFO [app] Application starting
2026-06-17 10:43:53,162 INFO [app] Application starting
2026-06-17 10:43:53,162 INFO [app] Application starting
2026-06-17 10:43:53,162 INFO [app] Application starting
2026-06-17 10:43:53,162 INFO [app] Application starting
2026-06-17 10:43:53,162 INFO [app] Application starting
2026-06-17 10:43:53,162 INFO [app] Application starting
2026-06-17 10:43:53,162 INFO [app] Application starting
2026-06-17 10:43:53,162 INFO [app] Application starting
2026-06-17 10:43:53,162 INFO [app] Application starting
2026-06-17 10:43:53,162 INFO [app] Application starting
2026-06-17 10:43:53,466 INFO [app] Application starting
2026-06-17 10:43:53,466 INFO [app] Application starting
2026-06-17 10:43:53,466 INFO [app] Application starting
2026-06-17 10:43:53,466 INFO [app] Application starting
2026-06-17 10:43:53,466 INFO [app] Application starting
2026-06-17 10:43:53,466 INFO [app] Application starting
2026-06-17 10:43:53,466 INFO [app] Application starting
2026-06-17 10:43:53,466 INFO [app] Application starting
2026-06-17 10:43:53,466 INFO [app] Application starting
2026-06-17 10:43:53,466 INFO [app] Application starting
2026-06-17 10:43:53,466 INFO [app] Application starting
2026-06-17 10:43:53,466 INFO [app] Application starting
2026-06-17 10:43:53,466 INFO [app] Application starting
2026-06-17 10:43:53,466 INFO [app] Application starting
2026-06-17 10:43:53,466 INFO [app] Application starting
2026-06-17 10:43:53,466 INFO [app] Application starting
2026-06-17 10:43:53,466 INFO [app] Application starting
2026-06-17 10:43:53,466 INFO [app] Application starting
2026-06-17 10:43:53,466 INFO [app] Application starting
2026-06-17 10:43:53,466 INFO [app] Application starting
2026-06-17 10:43:53,466 INFO [app] Application starting
2026-06-17 10:43:53,466 INFO [app] Application starting
2026-06-17 10:43:53,466 INFO [app] Application starting
2026-06-17 10:43:53,466 INFO [app] Application starting
2026-06-17 10:43:53,466 INFO [app] Application starting
2026-06-17 10:43:53,466 INFO [app] Application starting
2026-06-17 10:43:53,466 INFO [app] Application starting
2026-06-17 10:43:53,466 INFO [app] Application starting
2026-06-17 10:43:53,466 INFO [app] Application starting
2026-06-17 10:43:53,466 INFO [app] Application starting
2026-06-17 10:43:53,466 INFO [app] Application starting
2026-06-17 10:43:53,570 INFO [app] Application starting
2026-06-17 10:43:53,570 INFO [app] Application starting
2026-06-17 10:43:53,570 INFO [app] Application starting
2026-06-17 10:43:53,570 INFO [app] Application starting
2026-06-17 10:43:53,570 INFO [app] Application starting
2026-06-17 10:43:53,570 INFO [app] Application starting
2026-06-17 10:43:53,570 INFO [app] Application starting
2026-06-17 10:43:53,570 INFO [app] Application starting
2026-06-17 10:43:53,570 INFO [app] Application starting
2026-06-17 10:43:53,570 INFO [app] Application starting
2026-06-17 10:43:53,570 INFO [app] Application starting
2026-06-17 10:43:53,570 INFO [app] Application starting
2026-06-17 10:43:53,570 INFO [app] Application starting
2026-06-17 10:43:53,570 INFO [app] Application starting
2026-06-17 10:43:53,570 INFO [app] Application starting
2026-06-17 10:43:53,570 INFO [app] Application starting
2026-06-17 10:43:53,570 INFO [app] Application starting
2026-06-17 10:43:53,570 INFO [app] Application starting
2026-06-17 10:43:53,570 INFO [app] Application starting
2026-06-17 10:43:53,570 INFO [app] Application starting
2026-06-17 10:43:53,570 INFO [app] Application starting
2026-06-17 10:43:53,570 INFO [app] Application starting
2026-06-17 10:43:53,570 INFO [app] Application starting
2026-06-17 10:43:53,570 INFO [app] Application starting
2026-06-17 10:43:53,570 INFO [app] Application starting
2026-06-17 10:43:53,570 INFO [app] Application starting
2026-06-17 10:43:53,570 INFO [app] Application starting
2026-06-17 10:43:53,570 INFO [app] Application starting
2026-06-17 10:43:53,570 INFO [app] Application starting
2026-06-17 10:43:53,570 INFO [app] Application starting
2026-06-17 10:43:53,570 INFO [app] Application starting
2026-06-17 10:43:53,570 INFO [app] Application starting
2026-06-17 10:43:53,936 INFO [app] Application starting
2026-06-17 10:43:53,936 INFO [app] Application starting
2026-06-17 10:43:53,936 INFO [app] Application starting
2026-06-17 10:43:53,936 INFO [app] Application starting
2026-06-17 10:43:53,936 INFO [app] Application starting
2026-06-17 10:43:53,936 INFO [app] Application starting
2026-06-17 10:43:53,936 INFO [app] Application starting
2026-06-17 10:43:53,936 INFO [app] Application starting
2026-06-17 10:43:53,936 INFO [app] Application starting
2026-06-17 10:43:53,936 INFO [app] Application starting
2026-06-17 10:43:53,936 INFO [app] Application starting
2026-06-17 10:43:53,936 INFO [app] Application starting
2026-06-17 10:43:53,936 INFO [app] Application starting
2026-06-17 10:43:53,936 INFO [app] Application starting
2026-06-17 10:43:53,936 INFO [app] Application starting
2026-06-17 10:43:53,936 INFO [app] Application starting
2026-06-17 10:43:53,936 INFO [app] Application starting
2026-06-17 10:43:53,936 INFO [app] Application starting
2026-06-17 10:43:53,936 INFO [app] Application starting
2026-06-17 10:43:53,936 INFO [app] Application starting
2026-06-17 10:43:53,936 INFO [app] Application starting
2026-06-17 10:43:53,936 INFO [app] Application starting
2026-06-17 10:43:53,936 INFO [app] Application starting
2026-06-17 10:43:53,936 INFO [app] Application starting
2026-06-17 10:43:53,936 INFO [app] Application starting
2026-06-17 10:43:53,936 INFO [app] Application starting
2026-06-17 10:43:53,936 INFO [app] Application starting
2026-06-17 10:43:53,936 INFO [app] Application starting
2026-06-17 10:43:53,936 INFO [app] Application starting
2026-06-17 10:43:53,936 INFO [app] Application starting
2026-06-17 10:43:53,936 INFO [app] Application starting
2026-06-17 10:43:53,936 INFO [app] Application starting
2026-06-17 10:43:53,936 INFO [app] Application starting
2026-06-17 10:44:09,298 INFO [app] Application starting
2026-06-17 10:44:09,623 INFO [app] Application starting
2026-06-17 10:44:09,623 INFO [app] Application starting
2026-06-17 10:44:09,927 INFO [app] Application starting
2026-06-17 10:44:09,927 INFO [app] Application starting
2026-06-17 10:44:09,927 INFO [app] Application starting
2026-06-17 10:44:10,210 INFO [app] Application starting
2026-06-17 10:44:10,210 INFO [app] Application starting
2026-06-17 10:44:10,210 INFO [app] Application starting
2026-06-17 10:44:10,210 INFO [app] Application starting
2026-06-17 10:44:10,507 INFO [app] Application starting
2026-06-17 10:44:10,507 INFO [app] Application starting
2026-06-17 10:44:10,507 INFO [app] Application starting
2026-06-17 10:44:10,507 INFO [app] Application starting
2026-06-17 10:44:10,507 INFO [app] Application starting
2026-06-17 10:44:10,578 INFO [app] Application starting
2026-06-17 10:44:10,578 INFO [app] Application starting
2026-06-17 10:44:10,578 INFO [app] Application starting
2026-06-17 10:44:10,578 INFO [app] Application starting
2026-06-17 10:44:10,578 INFO [app] Application starting
2026-06-17 10:44:10,578 INFO [app] Application starting
2026-06-17 10:44:10,592 INFO [app] Application starting
2026-06-17 10:44:10,592 INFO [app] Application starting
2026-06-17 10:44:10,592 INFO [app] Application starting
2026-06-17 10:44:10,592 INFO [app] Application starting
2026-06-17 10:44:10,592 INFO [app] Application starting
2026-06-17 10:44:10,592 INFO [app] Application starting
2026-06-17 10:44:10,592 INFO [app] Application starting
2026-06-17 10:44:10,604 INFO [app] Application starting
2026-06-17 10:44:10,604 INFO [app] Application starting
2026-06-17 10:44:10,604 INFO [app] Application starting
2026-06-17 10:44:10,604 INFO [app] Application starting
2026-06-17 10:44:10,604 INFO [app] Application starting
2026-06-17 10:44:10,604 INFO [app] Application starting
2026-06-17 10:44:10,604 INFO [app] Application starting
2026-06-17 10:44:10,604 INFO [app] Application starting
2026-06-17 10:44:10,753 INFO [app] Application starting
2026-06-17 10:44:10,753 INFO [app] Application starting
2026-06-17 10:44:10,753 INFO [app] Application starting
2026-06-17 10:44:10,753 INFO [app] Application starting
2026-06-17 10:44:10,753 INFO [app] Application starting
2026-06-17 10:44:10,753 INFO [app] Application starting
2026-06-17 10:44:10,753 INFO [app] Application starting
2026-06-17 10:44:10,753 INFO [app] Application starting
2026-06-17 10:44:10,753 INFO [app] Application starting
2026-06-17 10:44:10,956 INFO [app] Application starting
2026-06-17 10:44:10,956 INFO [app] Application starting
2026-06-17 10:44:10,956 INFO [app] Application starting
2026-06-17 10:44:10,956 INFO [app] Application starting
2026-06-17 10:44:10,956 INFO [app] Application starting
2026-06-17 10:44:10,956 INFO [app] Application starting
2026-06-17 10:44:10,956 INFO [app] Application starting
2026-06-17 10:44:10,956 INFO [app] Application starting
2026-06-17 10:44:10,956 INFO [app] Application starting
2026-06-17 10:44:10,956 INFO [app] Application starting
2026-06-17 10:44:11,164 INFO [app] Application starting
2026-06-17 10:44:11,164 INFO [app] Application starting
2026-06-17 10:44:11,164 INFO [app] Application starting
2026-06-17 10:44:11,164 INFO [app] Application starting
2026-06-17 10:44:11,164 INFO [app] Application starting
2026-06-17 10:44:11,164 INFO [app] Application starting
2026-06-17 10:44:11,164 INFO [app] Application starting
2026-06-17 10:44:11,164 INFO [app] Application starting
2026-06-17 10:44:11,164 INFO [app] Application starting
2026-06-17 10:44:11,164 INFO [app] Application starting
2026-06-17 10:44:11,164 INFO [app] Application starting
2026-06-17 10:44:11,388 INFO [app] Application starting
2026-06-17 10:44:11,388 INFO [app] Application starting
2026-06-17 10:44:11,388 INFO [app] Application starting
2026-06-17 10:44:11,388 INFO [app] Application starting
2026-06-17 10:44:11,388 INFO [app] Application starting
2026-06-17 10:44:11,388 INFO [app] Application starting
2026-06-17 10:44:11,388 INFO [app] Application starting
2026-06-17 10:44:11,388 INFO [app] Application starting
2026-06-17 10:44:11,388 INFO [app] Application starting
2026-06-17 10:44:11,388 INFO [app] Application starting
2026-06-17 10:44:11,388 INFO [app] Application starting
2026-06-17 10:44:11,388 INFO [app] Application starting
2026-06-17 10:44:11,592 INFO [app] Application starting
2026-06-17 10:44:11,592 INFO [app] Application starting
2026-06-17 10:44:11,592 INFO [app] Application starting
2026-06-17 10:44:11,592 INFO [app] Application starting
2026-06-17 10:44:11,592 INFO [app] Application starting
2026-06-17 10:44:11,592 INFO [app] Application starting
2026-06-17 10:44:11,592 INFO [app] Application starting
2026-06-17 10:44:11,592 INFO [app] Application starting
2026-06-17 10:44:11,592 INFO [app] Application starting
2026-06-17 10:44:11,592 INFO [app] Application starting
2026-06-17 10:44:11,592 INFO [app] Application starting
2026-06-17 10:44:11,592 INFO [app] Application starting
2026-06-17 10:44:11,592 INFO [app] Application starting
2026-06-17 10:44:11,885 INFO [app] Application starting
2026-06-17 10:44:11,885 INFO [app] Application starting
2026-06-17 10:44:11,885 INFO [app] Application starting
2026-06-17 10:44:11,885 INFO [app] Application starting
2026-06-17 10:44:11,885 INFO [app] Application starting
2026-06-17 10:44:11,885 INFO [app] Application starting
2026-06-17 10:44:11,885 INFO [app] Application starting
2026-06-17 10:44:11,885 INFO [app] Application starting
2026-06-17 10:44:11,885 INFO [app] Application starting
2026-06-17 10:44:11,885 INFO [app] Application starting
2026-06-17 10:44:11,885 INFO [app] Application starting
2026-06-17 10:44:11,885 INFO [app] Application starting
2026-06-17 10:44:11,885 INFO [app] Application starting
2026-06-17 10:44:11,885 INFO [app] Application starting
2026-06-17 10:44:12,238 INFO [app] Application starting
2026-06-17 10:44:12,238 INFO [app] Application starting
2026-06-17 10:44:12,238 INFO [app] Application starting
2026-06-17 10:44:12,238 INFO [app] Application starting
2026-06-17 10:44:12,238 INFO [app] Application starting
2026-06-17 10:44:12,238 INFO [app] Application starting
2026-06-17 10:44:12,238 INFO [app] Application starting
2026-06-17 10:44:12,238 INFO [app] Application starting
2026-06-17 10:44:12,238 INFO [app] Application starting
2026-06-17 10:44:12,238 INFO [app] Application starting
2026-06-17 10:44:12,238 INFO [app] Application starting
2026-06-17 10:44:12,238 INFO [app] Application starting
2026-06-17 10:44:12,238 INFO [app] Application starting
2026-06-17 10:44:12,238 INFO [app] Application starting
2026-06-17 10:44:12,238 INFO [app] Application starting
2026-06-17 10:44:12,567 INFO [app] Application starting
2026-06-17 10:44:12,567 INFO [app] Application starting
2026-06-17 10:44:12,567 INFO [app] Application starting
2026-06-17 10:44:12,567 INFO [app] Application starting
2026-06-17 10:44:12,567 INFO [app] Application starting
2026-06-17 10:44:12,567 INFO [app] Application starting
2026-06-17 10:44:12,567 INFO [app] Application starting
2026-06-17 10:44:12,567 INFO [app] Application starting
2026-06-17 10:44:12,567 INFO [app] Application starting
2026-06-17 10:44:12,567 INFO [app] Application starting
2026-06-17 10:44:12,567 INFO [app] Application starting
2026-06-17 10:44:12,567 INFO [app] Application starting
2026-06-17 10:44:12,567 INFO [app] Application starting
2026-06-17 10:44:12,567 INFO [app] Application starting
2026-06-17 10:44:12,567 INFO [app] Application starting
2026-06-17 10:44:12,567 INFO [app] Application starting
2026-06-17 10:44:12,692 INFO [app] Application starting
2026-06-17 10:44:12,692 INFO [app] Application starting
2026-06-17 10:44:12,692 INFO [app] Application starting
2026-06-17 10:44:12,692 INFO [app] Application starting
2026-06-17 10:44:12,692 INFO [app] Application starting
2026-06-17 10:44:12,692 INFO [app] Application starting
2026-06-17 10:44:12,692 INFO [app] Application starting
2026-06-17 10:44:12,692 INFO [app] Application starting
2026-06-17 10:44:12,692 INFO [app] Application starting
2026-06-17 10:44:12,692 INFO [app] Application starting
2026-06-17 10:44:12,692 INFO [app] Application starting
2026-06-17 10:44:12,692 INFO [app] Application starting
2026-06-17 10:44:12,692 INFO [app] Application starting
2026-06-17 10:44:12,692 INFO [app] Application starting
2026-06-17 10:44:12,692 INFO [app] Application starting
2026-06-17 10:44:12,692 INFO [app] Application starting
2026-06-17 10:44:12,692 INFO [app] Application starting
2026-06-17 10:44:12,812 INFO [app] Application starting
2026-06-17 10:44:12,812 INFO [app] Application starting
2026-06-17 10:44:12,812 INFO [app] Application starting
2026-06-17 10:44:12,812 INFO [app] Application starting
2026-06-17 10:44:12,812 INFO [app] Application starting
2026-06-17 10:44:12,812 INFO [app] Application starting
2026-06-17 10:44:12,812 INFO [app] Application starting
2026-06-17 10:44:12,812 INFO [app] Application starting
2026-06-17 10:44:12,812 INFO [app] Application starting
2026-06-17 10:44:12,812 INFO [app] Application starting
2026-06-17 10:44:12,812 INFO [app] Application starting
2026-06-17 10:44:12,812 INFO [app] Application starting
2026-06-17 10:44:12,812 INFO [app] Application starting
2026-06-17 10:44:12,812 INFO [app] Application starting
2026-06-17 10:44:12,812 INFO [app] Application starting
2026-06-17 10:44:12,812 INFO [app] Application starting
2026-06-17 10:44:12,812 INFO [app] Application starting
2026-06-17 10:44:12,812 INFO [app] Application starting
2026-06-17 10:44:13,100 INFO [app] Application starting
2026-06-17 10:44:13,100 INFO [app] Application starting
2026-06-17 10:44:13,100 INFO [app] Application starting
2026-06-17 10:44:13,100 INFO [app] Application starting
2026-06-17 10:44:13,100 INFO [app] Application starting
2026-06-17 10:44:13,100 INFO [app] Application starting
2026-06-17 10:44:13,100 INFO [app] Application starting
2026-06-17 10:44:13,100 INFO [app] Application starting
2026-06-17 10:44:13,100 INFO [app] Application starting
2026-06-17 10:44:13,100 INFO [app] Application starting
2026-06-17 10:44:13,100 INFO [app] Application starting
2026-06-17 10:44:13,100 INFO [app] Application starting
2026-06-17 10:44:13,100 INFO [app] Application starting
2026-06-17 10:44:13,100 INFO [app] Application starting
2026-06-17 10:44:13,100 INFO [app] Application starting
2026-06-17 10:44:13,100 INFO [app] Application starting
2026-06-17 10:44:13,100 INFO [app] Application starting
2026-06-17 10:44:13,100 INFO [app] Application starting
2026-06-17 10:44:13,100 INFO [app] Application starting
2026-06-17 10:44:13,475 INFO [app] Application starting
2026-06-17 10:44:13,475 INFO [app] Application starting
2026-06-17 10:44:13,475 INFO [app] Application starting
2026-06-17 10:44:13,475 INFO [app] Application starting
2026-06-17 10:44:13,475 INFO [app] Application starting
2026-06-17 10:44:13,475 INFO [app] Application starting
2026-06-17 10:44:13,475 INFO [app] Application starting
2026-06-17 10:44:13,475 INFO [app] Application starting
2026-06-17 10:44:13,475 INFO [app] Application starting
2026-06-17 10:44:13,475 INFO [app] Application starting
2026-06-17 10:44:13,475 INFO [app] Application starting
2026-06-17 10:44:13,475 INFO [app] Application starting
2026-06-17 10:44:13,475 INFO [app] Application starting
2026-06-17 10:44:13,475 INFO [app] Application starting
2026-06-17 10:44:13,475 INFO [app] Application starting
2026-06-17 10:44:13,475 INFO [app] Application starting
2026-06-17 10:44:13,475 INFO [app] Application starting
2026-06-17 10:44:13,475 INFO [app] Application starting
2026-06-17 10:44:13,475 INFO [app] Application starting
2026-06-17 10:44:13,475 INFO [app] Application starting
2026-06-17 10:44:13,769 INFO [app] Application starting
2026-06-17 10:44:13,769 INFO [app] Application starting
2026-06-17 10:44:13,769 INFO [app] Application starting
2026-06-17 10:44:13,769 INFO [app] Application starting
2026-06-17 10:44:13,769 INFO [app] Application starting
2026-06-17 10:44:13,769 INFO [app] Application starting
2026-06-17 10:44:13,769 INFO [app] Application starting
2026-06-17 10:44:13,769 INFO [app] Application starting
2026-06-17 10:44:13,769 INFO [app] Application starting
2026-06-17 10:44:13,769 INFO [app] Application starting
2026-06-17 10:44:13,769 INFO [app] Application starting
2026-06-17 10:44:13,769 INFO [app] Application starting
2026-06-17 10:44:13,769 INFO [app] Application starting
2026-06-17 10:44:13,769 INFO [app] Application starting
2026-06-17 10:44:13,769 INFO [app] Application starting
2026-06-17 10:44:13,769 INFO [app] Application starting
2026-06-17 10:44:13,769 INFO [app] Application starting
2026-06-17 10:44:13,769 INFO [app] Application starting
2026-06-17 10:44:13,769 INFO [app] Application starting
2026-06-17 10:44:13,769 INFO [app] Application starting
2026-06-17 10:44:13,769 INFO [app] Application starting
2026-06-17 10:44:14,081 INFO [app] Application starting
2026-06-17 10:44:14,081 INFO [app] Application starting
2026-06-17 10:44:14,081 INFO [app] Application starting
2026-06-17 10:44:14,081 INFO [app] Application starting
2026-06-17 10:44:14,081 INFO [app] Application starting
2026-06-17 10:44:14,081 INFO [app] Application starting
2026-06-17 10:44:14,081 INFO [app] Application starting
2026-06-17 10:44:14,081 INFO [app] Application starting
2026-06-17 10:44:14,081 INFO [app] Application starting
2026-06-17 10:44:14,081 INFO [app] Application starting
2026-06-17 10:44:14,081 INFO [app] Application starting
2026-06-17 10:44:14,081 INFO [app] Application starting
2026-06-17 10:44:14,081 INFO [app] Application starting
2026-06-17 10:44:14,081 INFO [app] Application starting
2026-06-17 10:44:14,081 INFO [app] Application starting
2026-06-17 10:44:14,081 INFO [app] Application starting
2026-06-17 10:44:14,081 INFO [app] Application starting
2026-06-17 10:44:14,081 INFO [app] Application starting
2026-06-17 10:44:14,081 INFO [app] Application starting
2026-06-17 10:44:14,081 INFO [app] Application starting
2026-06-17 10:44:14,081 INFO [app] Application starting
2026-06-17 10:44:14,081 INFO [app] Application starting
2026-06-17 10:44:14,386 INFO [app] Application starting
2026-06-17 10:44:14,386 INFO [app] Application starting
2026-06-17 10:44:14,386 INFO [app] Application starting
2026-06-17 10:44:14,386 INFO [app] Application starting
2026-06-17 10:44:14,386 INFO [app] Application starting
2026-06-17 10:44:14,386 INFO [app] Application starting
2026-06-17 10:44:14,386 INFO [app] Application starting
2026-06-17 10:44:14,386 INFO [app] Application starting
2026-06-17 10:44:14,386 INFO [app] Application starting
2026-06-17 10:44:14,386 INFO [app] Application starting
2026-06-17 10:44:14,386 INFO [app] Application starting
2026-06-17 10:44:14,386 INFO [app] Application starting
2026-06-17 10:44:14,386 INFO [app] Application starting
2026-06-17 10:44:14,386 INFO [app] Application starting
2026-06-17 10:44:14,386 INFO [app] Application starting
2026-06-17 10:44:14,386 INFO [app] Application starting
2026-06-17 10:44:14,386 INFO [app] Application starting
2026-06-17 10:44:14,386 INFO [app] Application starting
2026-06-17 10:44:14,386 INFO [app] Application starting
2026-06-17 10:44:14,386 INFO [app] Application starting
2026-06-17 10:44:14,386 INFO [app] Application starting
2026-06-17 10:44:14,386 INFO [app] Application starting
2026-06-17 10:44:14,386 INFO [app] Application starting
2026-06-17 10:44:14,675 INFO [app] Application starting
2026-06-17 10:44:14,675 INFO [app] Application starting
2026-06-17 10:44:14,675 INFO [app] Application starting
2026-06-17 10:44:14,675 INFO [app] Application starting
2026-06-17 10:44:14,675 INFO [app] Application starting
2026-06-17 10:44:14,675 INFO [app] Application starting
2026-06-17 10:44:14,675 INFO [app] Application starting
2026-06-17 10:44:14,675 INFO [app] Application starting
2026-06-17 10:44:14,675 INFO [app] Application starting
2026-06-17 10:44:14,675 INFO [app] Application starting
2026-06-17 10:44:14,675 INFO [app] Application starting
2026-06-17 10:44:14,675 INFO [app] Application starting
2026-06-17 10:44:14,675 INFO [app] Application starting
2026-06-17 10:44:14,675 INFO [app] Application starting
2026-06-17 10:44:14,675 INFO [app] Application starting
2026-06-17 10:44:14,675 INFO [app] Application starting
2026-06-17 10:44:14,675 INFO [app] Application starting
2026-06-17 10:44:14,675 INFO [app] Application starting
2026-06-17 10:44:14,675 INFO [app] Application starting
2026-06-17 10:44:14,675 INFO [app] Application starting
2026-06-17 10:44:14,675 INFO [app] Application starting
2026-06-17 10:44:14,675 INFO [app] Application starting
2026-06-17 10:44:14,675 INFO [app] Application starting
2026-06-17 10:44:14,675 INFO [app] Application starting
2026-06-17 10:44:14,986 INFO [app] Application starting
2026-06-17 10:44:14,986 INFO [app] Application starting
2026-06-17 10:44:14,986 INFO [app] Application starting
2026-06-17 10:44:14,986 INFO [app] Application starting
2026-06-17 10:44:14,986 INFO [app] Application starting
2026-06-17 10:44:14,986 INFO [app] Application starting
2026-06-17 10:44:14,986 INFO [app] Application starting
2026-06-17 10:44:14,986 INFO [app] Application starting
2026-06-17 10:44:14,986 INFO [app] Application starting
2026-06-17 10:44:14,986 INFO [app] Application starting
2026-06-17 10:44:14,986 INFO [app] Application starting
2026-06-17 10:44:14,986 INFO [app] Application starting
2026-06-17 10:44:14,986 INFO [app] Application starting
2026-06-17 10:44:14,986 INFO [app] Application starting
2026-06-17 10:44:14,986 INFO [app] Application starting
2026-06-17 10:44:14,986 INFO [app] Application starting
2026-06-17 10:44:14,986 INFO [app] Application starting
2026-06-17 10:44:14,986 INFO [app] Application starting
2026-06-17 10:44:14,986 INFO [app] Application starting
2026-06-17 10:44:14,986 INFO [app] Application starting
2026-06-17 10:44:14,986 INFO [app] Application starting
2026-06-17 10:44:14,986 INFO [app] Application starting
2026-06-17 10:44:14,986 INFO [app] Application starting
2026-06-17 10:44:14,986 INFO [app] Application starting
2026-06-17 10:44:14,986 INFO [app] Application starting
2026-06-17 10:44:15,184 INFO [app] Application starting
2026-06-17 10:44:15,184 INFO [app] Application starting
2026-06-17 10:44:15,184 INFO [app] Application starting
2026-06-17 10:44:15,184 INFO [app] Application starting
2026-06-17 10:44:15,184 INFO [app] Application starting
2026-06-17 10:44:15,184 INFO [app] Application starting
2026-06-17 10:44:15,184 INFO [app] Application starting
2026-06-17 10:44:15,184 INFO [app] Application starting
2026-06-17 10:44:15,184 INFO [app] Application starting
2026-06-17 10:44:15,184 INFO [app] Application starting
2026-06-17 10:44:15,184 INFO [app] Application starting
2026-06-17 10:44:15,184 INFO [app] Application starting
2026-06-17 10:44:15,184 INFO [app] Application starting
2026-06-17 10:44:15,184 INFO [app] Application starting
2026-06-17 10:44:15,184 INFO [app] Application starting
2026-06-17 10:44:15,184 INFO [app] Application starting
2026-06-17 10:44:15,184 INFO [app] Application starting
2026-06-17 10:44:15,184 INFO [app] Application starting
2026-06-17 10:44:15,184 INFO [app] Application starting
2026-06-17 10:44:15,184 INFO [app] Application starting
2026-06-17 10:44:15,184 INFO [app] Application starting
2026-06-17 10:44:15,184 INFO [app] Application starting
2026-06-17 10:44:15,184 INFO [app] Application starting
2026-06-17 10:44:15,184 INFO [app] Application starting
2026-06-17 10:44:15,184 INFO [app] Application starting
2026-06-17 10:44:15,184 INFO [app] Application starting
2026-06-17 10:44:15,377 INFO [app] Application starting
2026-06-17 10:44:15,377 INFO [app] Application starting
2026-06-17 10:44:15,377 INFO [app] Application starting
2026-06-17 10:44:15,377 INFO [app] Application starting
2026-06-17 10:44:15,377 INFO [app] Application starting
2026-06-17 10:44:15,377 INFO [app] Application starting
2026-06-17 10:44:15,377 INFO [app] Application starting
2026-06-17 10:44:15,377 INFO [app] Application starting
2026-06-17 10:44:15,377 INFO [app] Application starting
2026-06-17 10:44:15,377 INFO [app] Application starting
2026-06-17 10:44:15,377 INFO [app] Application starting
2026-06-17 10:44:15,377 INFO [app] Application starting
2026-06-17 10:44:15,377 INFO [app] Application starting
2026-06-17 10:44:15,377 INFO [app] Application starting
2026-06-17 10:44:15,377 INFO [app] Application starting
2026-06-17 10:44:15,377 INFO [app] Application starting
2026-06-17 10:44:15,377 INFO [app] Application starting
2026-06-17 10:44:15,377 INFO [app] Application starting
2026-06-17 10:44:15,377 INFO [app] Application starting
2026-06-17 10:44:15,377 INFO [app] Application starting
2026-06-17 10:44:15,377 INFO [app] Application starting
2026-06-17 10:44:15,377 INFO [app] Application starting
2026-06-17 10:44:15,377 INFO [app] Application starting
2026-06-17 10:44:15,377 INFO [app] Application starting
2026-06-17 10:44:15,377 INFO [app] Application starting
2026-06-17 10:44:15,377 INFO [app] Application starting
2026-06-17 10:44:15,377 INFO [app] Application starting
2026-06-17 10:44:15,583 INFO [app] Application starting
2026-06-17 10:44:15,583 INFO [app] Application starting
2026-06-17 10:44:15,583 INFO [app] Application starting
2026-06-17 10:44:15,583 INFO [app] Application starting
2026-06-17 10:44:15,583 INFO [app] Application starting
2026-06-17 10:44:15,583 INFO [app] Application starting
2026-06-17 10:44:15,583 INFO [app] Application starting
2026-06-17 10:44:15,583 INFO [app] Application starting
2026-06-17 10:44:15,583 INFO [app] Application starting
2026-06-17 10:44:15,583 INFO [app] Application starting
2026-06-17 10:44:15,583 INFO [app] Application starting
2026-06-17 10:44:15,583 INFO [app] Application starting
2026-06-17 10:44:15,583 INFO [app] Application starting
2026-06-17 10:44:15,583 INFO [app] Application starting
2026-06-17 10:44:15,583 INFO [app] Application starting
2026-06-17 10:44:15,583 INFO [app] Application starting
2026-06-17 10:44:15,583 INFO [app] Application starting
2026-06-17 10:44:15,583 INFO [app] Application starting
2026-06-17 10:44:15,583 INFO [app] Application starting
2026-06-17 10:44:15,583 INFO [app] Application starting
2026-06-17 10:44:15,583 INFO [app] Application starting
2026-06-17 10:44:15,583 INFO [app] Application starting
2026-06-17 10:44:15,583 INFO [app] Application starting
2026-06-17 10:44:15,583 INFO [app] Application starting
2026-06-17 10:44:15,583 INFO [app] Application starting
2026-06-17 10:44:15,583 INFO [app] Application starting
2026-06-17 10:44:15,583 INFO [app] Application starting
2026-06-17 10:44:15,583 INFO [app] Application starting
2026-06-17 10:44:15,800 INFO [app] Application starting
2026-06-17 10:44:15,800 INFO [app] Application starting
2026-06-17 10:44:15,800 INFO [app] Application starting
2026-06-17 10:44:15,800 INFO [app] Application starting
2026-06-17 10:44:15,800 INFO [app] Application starting
2026-06-17 10:44:15,800 INFO [app] Application starting
2026-06-17 10:44:15,800 INFO [app] Application starting
2026-06-17 10:44:15,800 INFO [app] Application starting
2026-06-17 10:44:15,800 INFO [app] Application starting
2026-06-17 10:44:15,800 INFO [app] Application starting
2026-06-17 10:44:15,800 INFO [app] Application starting
2026-06-17 10:44:15,800 INFO [app] Application starting
2026-06-17 10:44:15,800 INFO [app] Application starting
2026-06-17 10:44:15,800 INFO [app] Application starting
2026-06-17 10:44:15,800 INFO [app] Application starting
2026-06-17 10:44:15,800 INFO [app] Application starting
2026-06-17 10:44:15,800 INFO [app] Application starting
2026-06-17 10:44:15,800 INFO [app] Application starting
2026-06-17 10:44:15,800 INFO [app] Application starting
2026-06-17 10:44:15,800 INFO [app] Application starting
2026-06-17 10:44:15,800 INFO [app] Application starting
2026-06-17 10:44:15,800 INFO [app] Application starting
2026-06-17 10:44:15,800 INFO [app] Application starting
2026-06-17 10:44:15,800 INFO [app] Application starting
2026-06-17 10:44:15,800 INFO [app] Application starting
2026-06-17 10:44:15,800 INFO [app] Application starting
2026-06-17 10:44:15,800 INFO [app] Application starting
2026-06-17 10:44:15,800 INFO [app] Application starting
2026-06-17 10:44:15,800 INFO [app] Application starting
2026-06-17 10:44:15,994 INFO [app] Application starting
2026-06-17 10:44:15,994 INFO [app] Application starting
2026-06-17 10:44:15,994 INFO [app] Application starting
2026-06-17 10:44:15,994 INFO [app] Application starting
2026-06-17 10:44:15,994 INFO [app] Application starting
2026-06-17 10:44:15,994 INFO [app] Application starting
2026-06-17 10:44:15,994 INFO [app] Application starting
2026-06-17 10:44:15,994 INFO [app] Application starting
2026-06-17 10:44:15,994 INFO [app] Application starting
2026-06-17 10:44:15,994 INFO [app] Application starting
2026-06-17 10:44:15,994 INFO [app] Application starting
2026-06-17 10:44:15,994 INFO [app] Application starting
2026-06-17 10:44:15,994 INFO [app] Application starting
2026-06-17 10:44:15,994 INFO [app] Application starting
2026-06-17 10:44:15,994 INFO [app] Application starting
2026-06-17 10:44:15,994 INFO [app] Application starting
2026-06-17 10:44:15,994 INFO [app] Application starting
2026-06-17 10:44:15,994 INFO [app] Application starting
2026-06-17 10:44:15,994 INFO [app] Application starting
2026-06-17 10:44:15,994 INFO [app] Application starting
2026-06-17 10:44:15,994 INFO [app] Application starting
2026-06-17 10:44:15,994 INFO [app] Application starting
2026-06-17 10:44:15,994 INFO [app] Application starting
2026-06-17 10:44:15,994 INFO [app] Application starting
2026-06-17 10:44:15,994 INFO [app] Application starting
2026-06-17 10:44:15,994 INFO [app] Application starting
2026-06-17 10:44:15,994 INFO [app] Application starting
2026-06-17 10:44:15,994 INFO [app] Application starting
2026-06-17 10:44:15,994 INFO [app] Application starting
2026-06-17 10:44:15,994 INFO [app] Application starting
2026-06-17 10:44:16,181 INFO [app] Application starting
2026-06-17 10:44:16,181 INFO [app] Application starting
2026-06-17 10:44:16,181 INFO [app] Application starting
2026-06-17 10:44:16,181 INFO [app] Application starting
2026-06-17 10:44:16,181 INFO [app] Application starting
2026-06-17 10:44:16,181 INFO [app] Application starting
2026-06-17 10:44:16,181 INFO [app] Application starting
2026-06-17 10:44:16,181 INFO [app] Application starting
2026-06-17 10:44:16,181 INFO [app] Application starting
2026-06-17 10:44:16,181 INFO [app] Application starting
2026-06-17 10:44:16,181 INFO [app] Application starting
2026-06-17 10:44:16,181 INFO [app] Application starting
2026-06-17 10:44:16,181 INFO [app] Application starting
2026-06-17 10:44:16,181 INFO [app] Application starting
2026-06-17 10:44:16,181 INFO [app] Application starting
2026-06-17 10:44:16,181 INFO [app] Application starting
2026-06-17 10:44:16,181 INFO [app] Application starting
2026-06-17 10:44:16,181 INFO [app] Application starting
2026-06-17 10:44:16,181 INFO [app] Application starting
2026-06-17 10:44:16,181 INFO [app] Application starting
2026-06-17 10:44:16,181 INFO [app] Application starting
2026-06-17 10:44:16,181 INFO [app] Application starting
2026-06-17 10:44:16,181 INFO [app] Application starting
2026-06-17 10:44:16,181 INFO [app] Application starting
2026-06-17 10:44:16,181 INFO [app] Application starting
2026-06-17 10:44:16,181 INFO [app] Application starting
2026-06-17 10:44:16,181 INFO [app] Application starting
2026-06-17 10:44:16,181 INFO [app] Application starting
2026-06-17 10:44:16,181 INFO [app] Application starting
2026-06-17 10:44:16,181 INFO [app] Application starting
2026-06-17 10:44:16,181 INFO [app] Application starting
2026-06-17 10:44:16,283 INFO [app] Application starting
2026-06-17 10:44:16,283 INFO [app] Application starting
2026-06-17 10:44:16,283 INFO [app] Application starting
2026-06-17 10:44:16,283 INFO [app] Application starting
2026-06-17 10:44:16,283 INFO [app] Application starting
2026-06-17 10:44:16,283 INFO [app] Application starting
2026-06-17 10:44:16,283 INFO [app] Application starting
2026-06-17 10:44:16,283 INFO [app] Application starting
2026-06-17 10:44:16,283 INFO [app] Application starting
2026-06-17 10:44:16,283 INFO [app] Application starting
2026-06-17 10:44:16,283 INFO [app] Application starting
2026-06-17 10:44:16,283 INFO [app] Application starting
2026-06-17 10:44:16,283 INFO [app] Application starting
2026-06-17 10:44:16,283 INFO [app] Application starting
2026-06-17 10:44:16,283 INFO [app] Application starting
2026-06-17 10:44:16,283 INFO [app] Application starting
2026-06-17 10:44:16,283 INFO [app] Application starting
2026-06-17 10:44:16,283 INFO [app] Application starting
2026-06-17 10:44:16,283 INFO [app] Application starting
2026-06-17 10:44:16,283 INFO [app] Application starting
2026-06-17 10:44:16,283 INFO [app] Application starting
2026-06-17 10:44:16,283 INFO [app] Application starting
2026-06-17 10:44:16,283 INFO [app] Application starting
2026-06-17 10:44:16,283 INFO [app] Application starting
2026-06-17 10:44:16,283 INFO [app] Application starting
2026-06-17 10:44:16,283 INFO [app] Application starting
2026-06-17 10:44:16,283 INFO [app] Application starting
2026-06-17 10:44:16,283 INFO [app] Application starting
2026-06-17 10:44:16,283 INFO [app] Application starting
2026-06-17 10:44:16,283 INFO [app] Application starting
2026-06-17 10:44:16,283 INFO [app] Application starting
2026-06-17 10:44:16,283 INFO [app] Application starting
2026-06-17 10:44:16,648 INFO [app] Application starting
2026-06-17 10:44:16,648 INFO [app] Application starting
2026-06-17 10:44:16,648 INFO [app] Application starting
2026-06-17 10:44:16,648 INFO [app] Application starting
2026-06-17 10:44:16,648 INFO [app] Application starting
2026-06-17 10:44:16,648 INFO [app] Application starting
2026-06-17 10:44:16,648 INFO [app] Application starting
2026-06-17 10:44:16,648 INFO [app] Application starting
2026-06-17 10:44:16,648 INFO [app] Application starting
2026-06-17 10:44:16,648 INFO [app] Application starting
2026-06-17 10:44:16,648 INFO [app] Application starting
2026-06-17 10:44:16,648 INFO [app] Application starting
2026-06-17 10:44:16,648 INFO [app] Application starting
2026-06-17 10:44:16,648 INFO [app] Application starting
2026-06-17 10:44:16,648 INFO [app] Application starting
2026-06-17 10:44:16,648 INFO [app] Application starting
2026-06-17 10:44:16,648 INFO [app] Application starting
2026-06-17 10:44:16,648 INFO [app] Application starting
2026-06-17 10:44:16,648 INFO [app] Application starting
2026-06-17 10:44:16,648 INFO [app] Application starting
2026-06-17 10:44:16,648 INFO [app] Application starting
2026-06-17 10:44:16,648 INFO [app] Application starting
2026-06-17 10:44:16,648 INFO [app] Application starting
2026-06-17 10:44:16,648 INFO [app] Application starting
2026-06-17 10:44:16,648 INFO [app] Application starting
2026-06-17 10:44:16,648 INFO [app] Application starting
2026-06-17 10:44:16,648 INFO [app] Application starting
2026-06-17 10:44:16,648 INFO [app] Application starting
2026-06-17 10:44:16,648 INFO [app] Application starting
2026-06-17 10:44:16,648 INFO [app] Application starting
2026-06-17 10:44:16,648 INFO [app] Application starting
2026-06-17 10:44:16,648 INFO [app] Application starting
2026-06-17 10:44:16,648 INFO [app] Application starting
2026-06-17 20:16:18,349 INFO [app] Application starting
